<?xml version="1.0" encoding="UTF-8"?>
<!-- Generated by org.testng.reporters.JUnitXMLReporter -->
<testsuite hostname="Adesh-PC" ignored="0" name="Default test" tests="6" failures="0" timestamp="09 Jun 2018 04:35:44 GMT" time="193.422" errors="0">
  <testcase name="f" time="16.799" classname="com.selenium.mavenproject.NewTest"/>
  <testcase name="addtocard" time="23.481" classname="com.selenium.mavenproject.NewTest"/>
  <testcase name="checkout" time="4.513" classname="com.selenium.mavenproject.NewTest"/>
  <testcase name="signIn" time="3.447" classname="com.selenium.mavenproject.NewTest"/>
  <testcase name="address" time="3.959" classname="com.selenium.mavenproject.NewTest"/>
  <testcase name="shipping" time="2.936" classname="com.selenium.mavenproject.NewTest"/>
</testsuite> <!-- Default test -->
