<?xml version="1.0" encoding="UTF-8"?>
<!-- Generated by org.testng.reporters.JUnitXMLReporter -->
<testsuite hostname="Adesh-PC" ignored="0" name="Test" tests="6" failures="0" timestamp="09 Jun 2018 04:51:14 GMT" time="64.204" errors="0">
  <testcase name="f" time="4.192" classname="com.selenium.mavenproject.NewTest"/>
  <testcase name="addtocard" time="24.356" classname="com.selenium.mavenproject.NewTest"/>
  <testcase name="checkout" time="3.789" classname="com.selenium.mavenproject.NewTest"/>
  <testcase name="signIn" time="3.508" classname="com.selenium.mavenproject.NewTest"/>
  <testcase name="address" time="4.682" classname="com.selenium.mavenproject.NewTest"/>
  <testcase name="shipping" time="2.609" classname="com.selenium.mavenproject.NewTest"/>
</testsuite> <!-- Test -->
