<?xml version="1.0" encoding="UTF-8"?>
<!-- Generated by org.testng.reporters.JUnitXMLReporter -->
<testsuite hostname="Adesh-PC" ignored="0" name="Test" tests="6" failures="0" timestamp="09 Jun 2018 04:46:56 GMT" time="88.824" errors="0">
  <testcase name="f" time="3.505" classname="com.selenium.mavenproject.NewTest"/>
  <testcase name="addtocard" time="28.202" classname="com.selenium.mavenproject.NewTest"/>
  <testcase name="checkout" time="2.42" classname="com.selenium.mavenproject.NewTest"/>
  <testcase name="signIn" time="2.644" classname="com.selenium.mavenproject.NewTest"/>
  <testcase name="address" time="5.068" classname="com.selenium.mavenproject.NewTest"/>
  <testcase name="shipping" time="2.37" classname="com.selenium.mavenproject.NewTest"/>
</testsuite> <!-- Test -->
