<?xml version="1.0" encoding="UTF-8"?>
<testng-results skipped="0" failed="0" ignored="0" total="6" passed="6">
  <reporter-output>
  </reporter-output>
  <suite name="Suite" duration-ms="88824" started-at="2018-06-09T04:45:27Z" finished-at="2018-06-09T04:46:56Z">
    <groups>
    </groups>
    <test name="Test" duration-ms="88824" started-at="2018-06-09T04:45:27Z" finished-at="2018-06-09T04:46:56Z">
      <class name="com.selenium.mavenproject.NewTest">
        <test-method status="PASS" signature="beforeTest()[pri:0, instance:com.selenium.mavenproject.NewTest@68bbe345]" name="beforeTest" is-config="true" duration-ms="36974" started-at="2018-06-09T04:45:27Z" finished-at="2018-06-09T04:46:04Z">
          <reporter-output>
          </reporter-output>
        </test-method> <!-- beforeTest -->
        <test-method status="PASS" signature="f()[pri:1, instance:com.selenium.mavenproject.NewTest@68bbe345]" name="f" duration-ms="3505" started-at="2018-06-09T04:46:04Z" finished-at="2018-06-09T04:46:08Z">
          <reporter-output>
          </reporter-output>
        </test-method> <!-- f -->
        <test-method status="PASS" signature="addtocard()[pri:2, instance:com.selenium.mavenproject.NewTest@68bbe345]" name="addtocard" duration-ms="28202" started-at="2018-06-09T04:46:08Z" finished-at="2018-06-09T04:46:36Z">
          <reporter-output>
          </reporter-output>
        </test-method> <!-- addtocard -->
        <test-method status="PASS" signature="checkout()[pri:3, instance:com.selenium.mavenproject.NewTest@68bbe345]" name="checkout" duration-ms="2420" started-at="2018-06-09T04:46:36Z" finished-at="2018-06-09T04:46:38Z">
          <reporter-output>
          </reporter-output>
        </test-method> <!-- checkout -->
        <test-method status="PASS" signature="signIn()[pri:4, instance:com.selenium.mavenproject.NewTest@68bbe345]" name="signIn" duration-ms="2644" started-at="2018-06-09T04:46:38Z" finished-at="2018-06-09T04:46:41Z">
          <reporter-output>
          </reporter-output>
        </test-method> <!-- signIn -->
        <test-method status="PASS" signature="address()[pri:5, instance:com.selenium.mavenproject.NewTest@68bbe345]" name="address" duration-ms="5068" started-at="2018-06-09T04:46:41Z" finished-at="2018-06-09T04:46:46Z">
          <reporter-output>
          </reporter-output>
        </test-method> <!-- address -->
        <test-method status="PASS" signature="shipping()[pri:6, instance:com.selenium.mavenproject.NewTest@68bbe345]" name="shipping" duration-ms="2370" started-at="2018-06-09T04:46:46Z" finished-at="2018-06-09T04:46:48Z">
          <reporter-output>
          </reporter-output>
        </test-method> <!-- shipping -->
        <test-method status="PASS" signature="afterTest()[pri:0, instance:com.selenium.mavenproject.NewTest@68bbe345]" name="afterTest" is-config="true" duration-ms="7505" started-at="2018-06-09T04:46:48Z" finished-at="2018-06-09T04:46:56Z">
          <reporter-output>
          </reporter-output>
        </test-method> <!-- afterTest -->
      </class> <!-- com.selenium.mavenproject.NewTest -->
    </test> <!-- Test -->
  </suite> <!-- Suite -->
</testng-results>
