<?xml version="1.0" encoding="UTF-8"?>
<testng-results skipped="0" failed="0" ignored="0" total="6" passed="6">
  <reporter-output>
  </reporter-output>
  <suite name="Suite" duration-ms="64204" started-at="2018-06-09T04:50:09Z" finished-at="2018-06-09T04:51:14Z">
    <groups>
    </groups>
    <test name="Test" duration-ms="64204" started-at="2018-06-09T04:50:09Z" finished-at="2018-06-09T04:51:14Z">
      <class name="com.selenium.mavenproject.NewTest">
        <test-method status="PASS" signature="beforeTest()[pri:0, instance:com.selenium.mavenproject.NewTest@543c6f6d]" name="beforeTest" is-config="true" duration-ms="17653" started-at="2018-06-09T04:50:09Z" finished-at="2018-06-09T04:50:27Z">
          <reporter-output>
          </reporter-output>
        </test-method> <!-- beforeTest -->
        <test-method status="PASS" signature="f()[pri:1, instance:com.selenium.mavenproject.NewTest@543c6f6d]" name="f" duration-ms="4192" started-at="2018-06-09T04:50:27Z" finished-at="2018-06-09T04:50:31Z">
          <reporter-output>
          </reporter-output>
        </test-method> <!-- f -->
        <test-method status="PASS" signature="addtocard()[pri:2, instance:com.selenium.mavenproject.NewTest@543c6f6d]" name="addtocard" duration-ms="24356" started-at="2018-06-09T04:50:31Z" finished-at="2018-06-09T04:50:56Z">
          <reporter-output>
          </reporter-output>
        </test-method> <!-- addtocard -->
        <test-method status="PASS" signature="checkout()[pri:3, instance:com.selenium.mavenproject.NewTest@543c6f6d]" name="checkout" duration-ms="3789" started-at="2018-06-09T04:50:56Z" finished-at="2018-06-09T04:50:59Z">
          <reporter-output>
          </reporter-output>
        </test-method> <!-- checkout -->
        <test-method status="PASS" signature="signIn()[pri:4, instance:com.selenium.mavenproject.NewTest@543c6f6d]" name="signIn" duration-ms="3508" started-at="2018-06-09T04:50:59Z" finished-at="2018-06-09T04:51:03Z">
          <reporter-output>
          </reporter-output>
        </test-method> <!-- signIn -->
        <test-method status="PASS" signature="address()[pri:5, instance:com.selenium.mavenproject.NewTest@543c6f6d]" name="address" duration-ms="4682" started-at="2018-06-09T04:51:03Z" finished-at="2018-06-09T04:51:08Z">
          <reporter-output>
          </reporter-output>
        </test-method> <!-- address -->
        <test-method status="PASS" signature="shipping()[pri:6, instance:com.selenium.mavenproject.NewTest@543c6f6d]" name="shipping" duration-ms="2609" started-at="2018-06-09T04:51:08Z" finished-at="2018-06-09T04:51:10Z">
          <reporter-output>
          </reporter-output>
        </test-method> <!-- shipping -->
        <test-method status="PASS" signature="afterTest()[pri:0, instance:com.selenium.mavenproject.NewTest@543c6f6d]" name="afterTest" is-config="true" duration-ms="3346" started-at="2018-06-09T04:51:10Z" finished-at="2018-06-09T04:51:14Z">
          <reporter-output>
          </reporter-output>
        </test-method> <!-- afterTest -->
      </class> <!-- com.selenium.mavenproject.NewTest -->
    </test> <!-- Test -->
  </suite> <!-- Suite -->
</testng-results>
